  [1m[35m (0.6ms)[0m  [1m[34mSELECT "schema_migrations"."version" FROM "schema_migrations" ORDER BY "schema_migrations"."version" ASC[0m
  ↳ bin/rails:9
  [1m[35m (0.3ms)[0m  [1m[34mSELECT "ar_internal_metadata"."value" FROM "ar_internal_metadata" WHERE "ar_internal_metadata"."key" = $1[0m  [["key", "environment"]]
  ↳ bin/rails:9
  [1m[35m (0.2ms)[0m  [1m[34mSELECT "schema_migrations"."version" FROM "schema_migrations" ORDER BY "schema_migrations"."version" ASC[0m
  ↳ bin/rails:9
  [1m[35m (0.1ms)[0m  [1m[34mSELECT "ar_internal_metadata"."value" FROM "ar_internal_metadata" WHERE "ar_internal_metadata"."key" = $1[0m  [["key", "environment"]]
  ↳ bin/rails:9
  [1m[35m (0.2ms)[0m  [1m[34mSELECT "schema_migrations"."version" FROM "schema_migrations" ORDER BY "schema_migrations"."version" ASC[0m
  ↳ bin/rails:9
  [1m[35m (0.2ms)[0m  [1m[34mSELECT "ar_internal_metadata"."value" FROM "ar_internal_metadata" WHERE "ar_internal_metadata"."key" = $1[0m  [["key", "environment"]]
  ↳ bin/rails:9
  [1m[35m (107.6ms)[0m  [1m[35mDROP DATABASE IF EXISTS "myapp_development"[0m
  ↳ bin/rails:9
  [1m[35m (120.3ms)[0m  [1m[35mDROP DATABASE IF EXISTS "myapp_test"[0m
  ↳ bin/rails:9
  [1m[35m (436.9ms)[0m  [1m[35mCREATE DATABASE "myapp_development" ENCODING = 'unicode'[0m
  ↳ bin/rails:9
  [1m[35m (415.1ms)[0m  [1m[35mCREATE DATABASE "myapp_test" ENCODING = 'unicode'[0m
  ↳ bin/rails:9
  [1m[35m (10.1ms)[0m  [1m[35mCREATE TABLE "schema_migrations" ("version" character varying NOT NULL PRIMARY KEY)[0m
  ↳ bin/rails:9
  [1m[35m (6.6ms)[0m  [1m[35mCREATE TABLE "ar_internal_metadata" ("key" character varying NOT NULL PRIMARY KEY, "value" character varying, "created_at" timestamp NOT NULL, "updated_at" timestamp NOT NULL)[0m
  ↳ bin/rails:9
  [1m[35m (0.2ms)[0m  [1m[34mSELECT pg_try_advisory_lock(7864839756650184315)[0m
  ↳ bin/rails:9
  [1m[35m (0.5ms)[0m  [1m[34mSELECT "schema_migrations"."version" FROM "schema_migrations" ORDER BY "schema_migrations"."version" ASC[0m
  ↳ bin/rails:9
Migrating to DeviseCreateUsers (20200425170949)
  [1m[35m (1.1ms)[0m  [1m[35mBEGIN[0m
  ↳ bin/rails:9
  [1m[35m (11.1ms)[0m  [1m[35mCREATE TABLE "users" ("id" bigserial primary key, "email" character varying DEFAULT '' NOT NULL, "encrypted_password" character varying DEFAULT '' NOT NULL, "reset_password_token" character varying, "reset_password_sent_at" timestamp, "remember_created_at" timestamp, "rut" character varying, "name" character varying, "gender" character varying, "region" character varying, "birthday" character varying, "number" integer, "description" text, "sexual_orientation" character varying, "interests" character varying, "photos" character varying, "created_at" timestamp NOT NULL, "updated_at" timestamp NOT NULL)[0m
  ↳ db/migrate/20200425170949_devise_create_users.rb:5
  [1m[35m (3.0ms)[0m  [1m[35mCREATE UNIQUE INDEX  "index_users_on_email" ON "users"  ("email")[0m
  ↳ db/migrate/20200425170949_devise_create_users.rb:52
  [1m[35m (3.1ms)[0m  [1m[35mCREATE UNIQUE INDEX  "index_users_on_reset_password_token" ON "users"  ("reset_password_token")[0m
  ↳ db/migrate/20200425170949_devise_create_users.rb:53
  [1m[36mActiveRecord::SchemaMigration Create (4.1ms)[0m  [1m[32mINSERT INTO "schema_migrations" ("version") VALUES ($1) RETURNING "version"[0m  [["version", "20200425170949"]]
  ↳ bin/rails:9
  [1m[35m (1.2ms)[0m  [1m[35mCOMMIT[0m
  ↳ bin/rails:9
Migrating to CreateRegions (20200425212443)
  [1m[35m (0.7ms)[0m  [1m[35mBEGIN[0m
  ↳ bin/rails:9
  [1m[35m (7.5ms)[0m  [1m[35mCREATE TABLE "regions" ("id" bigserial primary key, "name" character varying)[0m
  ↳ db/migrate/20200425212443_create_regions.rb:3
  [1m[36mActiveRecord::SchemaMigration Create (0.2ms)[0m  [1m[32mINSERT INTO "schema_migrations" ("version") VALUES ($1) RETURNING "version"[0m  [["version", "20200425212443"]]
  ↳ bin/rails:9
  [1m[35m (1.3ms)[0m  [1m[35mCOMMIT[0m
  ↳ bin/rails:9
Migrating to CreateInterests (20200425225544)
  [1m[35m (0.1ms)[0m  [1m[35mBEGIN[0m
  ↳ bin/rails:9
  [1m[35m (5.5ms)[0m  [1m[35mCREATE TABLE "interests" ("id" bigserial primary key, "name" character varying)[0m
  ↳ db/migrate/20200425225544_create_interests.rb:3
  [1m[36mActiveRecord::SchemaMigration Create (0.3ms)[0m  [1m[32mINSERT INTO "schema_migrations" ("version") VALUES ($1) RETURNING "version"[0m  [["version", "20200425225544"]]
  ↳ bin/rails:9
  [1m[35m (1.0ms)[0m  [1m[35mCOMMIT[0m
  ↳ bin/rails:9
Migrating to CreateOrientations (20200425231155)
  [1m[35m (0.2ms)[0m  [1m[35mBEGIN[0m
  ↳ bin/rails:9
  [1m[35m (5.7ms)[0m  [1m[35mCREATE TABLE "orientations" ("id" bigserial primary key, "name" character varying)[0m
  ↳ db/migrate/20200425231155_create_orientations.rb:3
  [1m[36mActiveRecord::SchemaMigration Create (0.3ms)[0m  [1m[32mINSERT INTO "schema_migrations" ("version") VALUES ($1) RETURNING "version"[0m  [["version", "20200425231155"]]
  ↳ bin/rails:9
  [1m[35m (1.0ms)[0m  [1m[35mCOMMIT[0m
  ↳ bin/rails:9
Migrating to CreateGenders (20200425231413)
  [1m[35m (0.2ms)[0m  [1m[35mBEGIN[0m
  ↳ bin/rails:9
  [1m[35m (7.9ms)[0m  [1m[35mCREATE TABLE "genders" ("id" bigserial primary key, "name" character varying)[0m
  ↳ db/migrate/20200425231413_create_genders.rb:3
  [1m[36mActiveRecord::SchemaMigration Create (0.2ms)[0m  [1m[32mINSERT INTO "schema_migrations" ("version") VALUES ($1) RETURNING "version"[0m  [["version", "20200425231413"]]
  ↳ bin/rails:9
  [1m[35m (1.0ms)[0m  [1m[35mCOMMIT[0m
  ↳ bin/rails:9
Migrating to CreateAdmins (20200426185011)
  [1m[35m (0.2ms)[0m  [1m[35mBEGIN[0m
  ↳ bin/rails:9
  [1m[35m (3.3ms)[0m  [1m[35mCREATE TABLE "admins" ("id" bigserial primary key, "rut" integer, "admin" boolean)[0m
  ↳ db/migrate/20200426185011_create_admins.rb:3
  [1m[36mActiveRecord::SchemaMigration Create (0.4ms)[0m  [1m[32mINSERT INTO "schema_migrations" ("version") VALUES ($1) RETURNING "version"[0m  [["version", "20200426185011"]]
  ↳ bin/rails:9
  [1m[35m (1.6ms)[0m  [1m[35mCOMMIT[0m
  ↳ bin/rails:9
Migrating to CreateLocals (20200426223137)
  [1m[35m (0.2ms)[0m  [1m[35mBEGIN[0m
  ↳ bin/rails:9
  [1m[35m (5.9ms)[0m  [1m[35mCREATE TABLE "locals" ("id" bigserial primary key, "nombre" character varying, "direccion" character varying, "tipo" character varying, "n_citas" integer, "created_at" timestamp NOT NULL, "updated_at" timestamp NOT NULL)[0m
  ↳ db/migrate/20200426223137_create_locals.rb:3
  [1m[36mActiveRecord::SchemaMigration Create (0.3ms)[0m  [1m[32mINSERT INTO "schema_migrations" ("version") VALUES ($1) RETURNING "version"[0m  [["version", "20200426223137"]]
  ↳ bin/rails:9
  [1m[35m (1.4ms)[0m  [1m[35mCOMMIT[0m
  ↳ bin/rails:9
Migrating to DeviseCreateDuenoUsers (20200426231717)
  [1m[35m (0.2ms)[0m  [1m[35mBEGIN[0m
  ↳ bin/rails:9
  [1m[35m (5.6ms)[0m  [1m[35mCREATE TABLE "dueno_users" ("id" bigserial primary key, "email" character varying DEFAULT '' NOT NULL, "encrypted_password" character varying DEFAULT '' NOT NULL, "reset_password_token" character varying, "reset_password_sent_at" timestamp, "remember_created_at" timestamp, "name" character varying, "rut" character varying, "created_at" timestamp NOT NULL, "updated_at" timestamp NOT NULL)[0m
  ↳ db/migrate/20200426231717_devise_create_dueno_users.rb:5
  [1m[35m (2.3ms)[0m  [1m[35mCREATE UNIQUE INDEX  "index_dueno_users_on_email" ON "dueno_users"  ("email")[0m
  ↳ db/migrate/20200426231717_devise_create_dueno_users.rb:44
  [1m[35m (2.3ms)[0m  [1m[35mCREATE UNIQUE INDEX  "index_dueno_users_on_reset_password_token" ON "dueno_users"  ("reset_password_token")[0m
  ↳ db/migrate/20200426231717_devise_create_dueno_users.rb:45
  [1m[36mActiveRecord::SchemaMigration Create (0.4ms)[0m  [1m[32mINSERT INTO "schema_migrations" ("version") VALUES ($1) RETURNING "version"[0m  [["version", "20200426231717"]]
  ↳ bin/rails:9
  [1m[35m (1.3ms)[0m  [1m[35mCOMMIT[0m
  ↳ bin/rails:9
Migrating to CreateReviews (20200427003212)
  [1m[35m (0.2ms)[0m  [1m[35mBEGIN[0m
  ↳ bin/rails:9
  [1m[35m (7.3ms)[0m  [1m[35mCREATE TABLE "reviews" ("id" bigserial primary key, "id_local" integer, "review" text, "rating" integer, "created_at" timestamp NOT NULL, "updated_at" timestamp NOT NULL)[0m
  ↳ db/migrate/20200427003212_create_reviews.rb:3
  [1m[36mActiveRecord::SchemaMigration Create (0.3ms)[0m  [1m[32mINSERT INTO "schema_migrations" ("version") VALUES ($1) RETURNING "version"[0m  [["version", "20200427003212"]]
  ↳ bin/rails:9
  [1m[35m (1.1ms)[0m  [1m[35mCOMMIT[0m
  ↳ bin/rails:9
  [1m[36mActiveRecord::InternalMetadata Load (0.3ms)[0m  [1m[34mSELECT  "ar_internal_metadata".* FROM "ar_internal_metadata" WHERE "ar_internal_metadata"."key" = $1 LIMIT $2[0m  [["key", "environment"], ["LIMIT", 1]]
  ↳ bin/rails:9
  [1m[35m (8.6ms)[0m  [1m[35mBEGIN[0m
  ↳ bin/rails:9
  [1m[36mActiveRecord::InternalMetadata Create (0.5ms)[0m  [1m[32mINSERT INTO "ar_internal_metadata" ("key", "value", "created_at", "updated_at") VALUES ($1, $2, $3, $4) RETURNING "key"[0m  [["key", "environment"], ["value", "development"], ["created_at", "2020-04-29 03:12:48.472702"], ["updated_at", "2020-04-29 03:12:48.472702"]]
  ↳ bin/rails:9
  [1m[35m (1.2ms)[0m  [1m[35mCOMMIT[0m
  ↳ bin/rails:9
  [1m[35m (0.3ms)[0m  [1m[34mSELECT pg_advisory_unlock(7864839756650184315)[0m
  ↳ bin/rails:9
  [1m[35m (0.4ms)[0m  [1m[34mSELECT "schema_migrations"."version" FROM "schema_migrations" ORDER BY "schema_migrations"."version" ASC[0m
  ↳ bin/rails:9
  [1m[35m (0.7ms)[0m  [1m[34mSELECT "schema_migrations"."version" FROM "schema_migrations" ORDER BY "schema_migrations"."version" ASC[0m
  ↳ bin/rails:9
  [1m[35m (1.0ms)[0m  [1m[35mBEGIN[0m
  ↳ db/seeds.rb:1
  [1m[36mRegion Create (0.5ms)[0m  [1m[32mINSERT INTO "regions" ("name") VALUES ($1) RETURNING "id"[0m  [["name", "I Tarapaca"]]
  ↳ db/seeds.rb:1
  [1m[35m (7.2ms)[0m  [1m[35mCOMMIT[0m
  ↳ db/seeds.rb:1
  [1m[35m (1.4ms)[0m  [1m[35mBEGIN[0m
  ↳ db/seeds.rb:2
  [1m[36mRegion Create (0.3ms)[0m  [1m[32mINSERT INTO "regions" ("name") VALUES ($1) RETURNING "id"[0m  [["name", "II Antofagasta"]]
  ↳ db/seeds.rb:2
  [1m[35m (1.1ms)[0m  [1m[35mCOMMIT[0m
  ↳ db/seeds.rb:2
  [1m[35m (0.2ms)[0m  [1m[35mBEGIN[0m
  ↳ db/seeds.rb:3
  [1m[36mRegion Create (0.3ms)[0m  [1m[32mINSERT INTO "regions" ("name") VALUES ($1) RETURNING "id"[0m  [["name", "III Atacama"]]
  ↳ db/seeds.rb:3
  [1m[35m (1.0ms)[0m  [1m[35mCOMMIT[0m
  ↳ db/seeds.rb:3
  [1m[35m (0.1ms)[0m  [1m[35mBEGIN[0m
  ↳ db/seeds.rb:4
  [1m[36mRegion Create (0.2ms)[0m  [1m[32mINSERT INTO "regions" ("name") VALUES ($1) RETURNING "id"[0m  [["name", "IV Coquimbo"]]
  ↳ db/seeds.rb:4
  [1m[35m (1.0ms)[0m  [1m[35mCOMMIT[0m
  ↳ db/seeds.rb:4
  [1m[35m (0.1ms)[0m  [1m[35mBEGIN[0m
  ↳ db/seeds.rb:5
  [1m[36mRegion Create (0.2ms)[0m  [1m[32mINSERT INTO "regions" ("name") VALUES ($1) RETURNING "id"[0m  [["name", "V Valparaiso"]]
  ↳ db/seeds.rb:5
  [1m[35m (1.4ms)[0m  [1m[35mCOMMIT[0m
  ↳ db/seeds.rb:5
  [1m[35m (0.1ms)[0m  [1m[35mBEGIN[0m
  ↳ db/seeds.rb:6
  [1m[36mRegion Create (0.2ms)[0m  [1m[32mINSERT INTO "regions" ("name") VALUES ($1) RETURNING "id"[0m  [["name", "VI Libertador General Bernardo O'Higgins"]]
  ↳ db/seeds.rb:6
  [1m[35m (0.9ms)[0m  [1m[35mCOMMIT[0m
  ↳ db/seeds.rb:6
  [1m[35m (0.1ms)[0m  [1m[35mBEGIN[0m
  ↳ db/seeds.rb:7
  [1m[36mRegion Create (0.2ms)[0m  [1m[32mINSERT INTO "regions" ("name") VALUES ($1) RETURNING "id"[0m  [["name", "VII Maule"]]
  ↳ db/seeds.rb:7
  [1m[35m (0.9ms)[0m  [1m[35mCOMMIT[0m
  ↳ db/seeds.rb:7
  [1m[35m (0.1ms)[0m  [1m[35mBEGIN[0m
  ↳ db/seeds.rb:8
  [1m[36mRegion Create (0.2ms)[0m  [1m[32mINSERT INTO "regions" ("name") VALUES ($1) RETURNING "id"[0m  [["name", "VIII Biobio"]]
  ↳ db/seeds.rb:8
  [1m[35m (0.9ms)[0m  [1m[35mCOMMIT[0m
  ↳ db/seeds.rb:8
  [1m[35m (0.1ms)[0m  [1m[35mBEGIN[0m
  ↳ db/seeds.rb:9
  [1m[36mRegion Create (0.2ms)[0m  [1m[32mINSERT INTO "regions" ("name") VALUES ($1) RETURNING "id"[0m  [["name", "IX Araucania"]]
  ↳ db/seeds.rb:9
  [1m[35m (0.9ms)[0m  [1m[35mCOMMIT[0m
  ↳ db/seeds.rb:9
  [1m[35m (0.1ms)[0m  [1m[35mBEGIN[0m
  ↳ db/seeds.rb:10
  [1m[36mRegion Create (0.2ms)[0m  [1m[32mINSERT INTO "regions" ("name") VALUES ($1) RETURNING "id"[0m  [["name", "X Los Lagos"]]
  ↳ db/seeds.rb:10
  [1m[35m (0.9ms)[0m  [1m[35mCOMMIT[0m
  ↳ db/seeds.rb:10
  [1m[35m (0.1ms)[0m  [1m[35mBEGIN[0m
  ↳ db/seeds.rb:11
  [1m[36mRegion Create (0.2ms)[0m  [1m[32mINSERT INTO "regions" ("name") VALUES ($1) RETURNING "id"[0m  [["name", "XI Aysén del General Carlos Ibañez del Campo"]]
  ↳ db/seeds.rb:11
  [1m[35m (0.9ms)[0m  [1m[35mCOMMIT[0m
  ↳ db/seeds.rb:11
  [1m[35m (0.1ms)[0m  [1m[35mBEGIN[0m
  ↳ db/seeds.rb:12
  [1m[36mRegion Create (1.0ms)[0m  [1m[32mINSERT INTO "regions" ("name") VALUES ($1) RETURNING "id"[0m  [["name", "XII Magallanes y Antártica Chilena"]]
  ↳ db/seeds.rb:12
  [1m[35m (0.9ms)[0m  [1m[35mCOMMIT[0m
  ↳ db/seeds.rb:12
  [1m[35m (0.1ms)[0m  [1m[35mBEGIN[0m
  ↳ db/seeds.rb:13
  [1m[36mRegion Create (0.2ms)[0m  [1m[32mINSERT INTO "regions" ("name") VALUES ($1) RETURNING "id"[0m  [["name", "Region Metropolitana de Santiago"]]
  ↳ db/seeds.rb:13
  [1m[35m (1.4ms)[0m  [1m[35mCOMMIT[0m
  ↳ db/seeds.rb:13
  [1m[35m (0.1ms)[0m  [1m[35mBEGIN[0m
  ↳ db/seeds.rb:14
  [1m[36mRegion Create (0.4ms)[0m  [1m[32mINSERT INTO "regions" ("name") VALUES ($1) RETURNING "id"[0m  [["name", "XIV Los Rios"]]
  ↳ db/seeds.rb:14
  [1m[35m (1.1ms)[0m  [1m[35mCOMMIT[0m
  ↳ db/seeds.rb:14
  [1m[35m (0.2ms)[0m  [1m[35mBEGIN[0m
  ↳ db/seeds.rb:15
  [1m[36mRegion Create (0.3ms)[0m  [1m[32mINSERT INTO "regions" ("name") VALUES ($1) RETURNING "id"[0m  [["name", "XV Arica y Parinacota"]]
  ↳ db/seeds.rb:15
  [1m[35m (1.0ms)[0m  [1m[35mCOMMIT[0m
  ↳ db/seeds.rb:15
  [1m[35m (0.1ms)[0m  [1m[35mBEGIN[0m
  ↳ db/seeds.rb:16
  [1m[36mRegion Create (0.2ms)[0m  [1m[32mINSERT INTO "regions" ("name") VALUES ($1) RETURNING "id"[0m  [["name", "XVI Ñuble"]]
  ↳ db/seeds.rb:16
  [1m[35m (0.9ms)[0m  [1m[35mCOMMIT[0m
  ↳ db/seeds.rb:16
  [1m[35m (0.7ms)[0m  [1m[35mBEGIN[0m
  ↳ db/seeds.rb:18
  [1m[36mInterest Create (0.5ms)[0m  [1m[32mINSERT INTO "interests" ("name") VALUES ($1) RETURNING "id"[0m  [["name", "Hombres"]]
  ↳ db/seeds.rb:18
  [1m[35m (1.8ms)[0m  [1m[35mCOMMIT[0m
  ↳ db/seeds.rb:18
  [1m[35m (0.1ms)[0m  [1m[35mBEGIN[0m
  ↳ db/seeds.rb:19
  [1m[36mInterest Create (1.0ms)[0m  [1m[32mINSERT INTO "interests" ("name") VALUES ($1) RETURNING "id"[0m  [["name", "Mujeres"]]
  ↳ db/seeds.rb:19
  [1m[35m (1.0ms)[0m  [1m[35mCOMMIT[0m
  ↳ db/seeds.rb:19
  [1m[35m (0.4ms)[0m  [1m[35mBEGIN[0m
  ↳ db/seeds.rb:21
  [1m[36mOrientation Create (1.1ms)[0m  [1m[32mINSERT INTO "orientations" ("name") VALUES ($1) RETURNING "id"[0m  [["name", "Hombres"]]
  ↳ db/seeds.rb:21
  [1m[35m (1.9ms)[0m  [1m[35mCOMMIT[0m
  ↳ db/seeds.rb:21
  [1m[35m (0.2ms)[0m  [1m[35mBEGIN[0m
  ↳ db/seeds.rb:22
  [1m[36mOrientation Create (0.3ms)[0m  [1m[32mINSERT INTO "orientations" ("name") VALUES ($1) RETURNING "id"[0m  [["name", "Mujeres"]]
  ↳ db/seeds.rb:22
  [1m[35m (1.1ms)[0m  [1m[35mCOMMIT[0m
  ↳ db/seeds.rb:22
  [1m[35m (0.2ms)[0m  [1m[35mBEGIN[0m
  ↳ db/seeds.rb:24
  [1m[36mGender Create (0.9ms)[0m  [1m[32mINSERT INTO "genders" ("name") VALUES ($1) RETURNING "id"[0m  [["name", "Hombre"]]
  ↳ db/seeds.rb:24
  [1m[35m (1.0ms)[0m  [1m[35mCOMMIT[0m
  ↳ db/seeds.rb:24
  [1m[35m (0.1ms)[0m  [1m[35mBEGIN[0m
  ↳ db/seeds.rb:25
  [1m[36mGender Create (0.2ms)[0m  [1m[32mINSERT INTO "genders" ("name") VALUES ($1) RETURNING "id"[0m  [["name", "Mujer"]]
  ↳ db/seeds.rb:25
  [1m[35m (1.0ms)[0m  [1m[35mCOMMIT[0m
  ↳ db/seeds.rb:25
  [1m[35m (0.3ms)[0m  [1m[34mSELECT pg_try_advisory_lock(7864839756650184315)[0m
  ↳ bin/rails:9
  [1m[35m (0.7ms)[0m  [1m[34mSELECT "schema_migrations"."version" FROM "schema_migrations" ORDER BY "schema_migrations"."version" ASC[0m
  ↳ bin/rails:9
  [1m[36mActiveRecord::InternalMetadata Load (0.3ms)[0m  [1m[34mSELECT  "ar_internal_metadata".* FROM "ar_internal_metadata" WHERE "ar_internal_metadata"."key" = $1 LIMIT $2[0m  [["key", "environment"], ["LIMIT", 1]]
  ↳ bin/rails:9
  [1m[35m (1.7ms)[0m  [1m[35mBEGIN[0m
  ↳ bin/rails:9
  [1m[35m (0.7ms)[0m  [1m[35mCOMMIT[0m
  ↳ bin/rails:9
  [1m[35m (0.4ms)[0m  [1m[34mSELECT pg_advisory_unlock(7864839756650184315)[0m
  ↳ bin/rails:9
  [1m[35m (0.2ms)[0m  [1m[34mSELECT "schema_migrations"."version" FROM "schema_migrations" ORDER BY "schema_migrations"."version" ASC[0m
  ↳ bin/rails:9
  [1m[35m (0.5ms)[0m  [1m[34mSELECT "schema_migrations"."version" FROM "schema_migrations" ORDER BY "schema_migrations"."version" ASC[0m
  ↳ bin/rails:9
  [1m[35m (0.2ms)[0m  [1m[35mBEGIN[0m
  ↳ db/seeds.rb:1
  [1m[36mRegion Create (0.4ms)[0m  [1m[32mINSERT INTO "regions" ("name") VALUES ($1) RETURNING "id"[0m  [["name", "I Tarapaca"]]
  ↳ db/seeds.rb:1
  [1m[35m (2.1ms)[0m  [1m[35mCOMMIT[0m
  ↳ db/seeds.rb:1
  [1m[35m (0.2ms)[0m  [1m[35mBEGIN[0m
  ↳ db/seeds.rb:2
  [1m[36mRegion Create (0.4ms)[0m  [1m[32mINSERT INTO "regions" ("name") VALUES ($1) RETURNING "id"[0m  [["name", "II Antofagasta"]]
  ↳ db/seeds.rb:2
  [1m[35m (1.1ms)[0m  [1m[35mCOMMIT[0m
  ↳ db/seeds.rb:2
  [1m[35m (0.2ms)[0m  [1m[35mBEGIN[0m
  ↳ db/seeds.rb:3
  [1m[36mRegion Create (0.3ms)[0m  [1m[32mINSERT INTO "regions" ("name") VALUES ($1) RETURNING "id"[0m  [["name", "III Atacama"]]
  ↳ db/seeds.rb:3
  [1m[35m (1.1ms)[0m  [1m[35mCOMMIT[0m
  ↳ db/seeds.rb:3
  [1m[35m (0.2ms)[0m  [1m[35mBEGIN[0m
  ↳ db/seeds.rb:4
  [1m[36mRegion Create (0.3ms)[0m  [1m[32mINSERT INTO "regions" ("name") VALUES ($1) RETURNING "id"[0m  [["name", "IV Coquimbo"]]
  ↳ db/seeds.rb:4
  [1m[35m (1.1ms)[0m  [1m[35mCOMMIT[0m
  ↳ db/seeds.rb:4
  [1m[35m (0.2ms)[0m  [1m[35mBEGIN[0m
  ↳ db/seeds.rb:5
  [1m[36mRegion Create (0.3ms)[0m  [1m[32mINSERT INTO "regions" ("name") VALUES ($1) RETURNING "id"[0m  [["name", "V Valparaiso"]]
  ↳ db/seeds.rb:5
  [1m[35m (1.2ms)[0m  [1m[35mCOMMIT[0m
  ↳ db/seeds.rb:5
  [1m[35m (0.2ms)[0m  [1m[35mBEGIN[0m
  ↳ db/seeds.rb:6
  [1m[36mRegion Create (0.3ms)[0m  [1m[32mINSERT INTO "regions" ("name") VALUES ($1) RETURNING "id"[0m  [["name", "VI Libertador General Bernardo O'Higgins"]]
  ↳ db/seeds.rb:6
  [1m[35m (1.2ms)[0m  [1m[35mCOMMIT[0m
  ↳ db/seeds.rb:6
  [1m[35m (0.2ms)[0m  [1m[35mBEGIN[0m
  ↳ db/seeds.rb:7
  [1m[36mRegion Create (0.3ms)[0m  [1m[32mINSERT INTO "regions" ("name") VALUES ($1) RETURNING "id"[0m  [["name", "VII Maule"]]
  ↳ db/seeds.rb:7
  [1m[35m (1.1ms)[0m  [1m[35mCOMMIT[0m
  ↳ db/seeds.rb:7
  [1m[35m (0.2ms)[0m  [1m[35mBEGIN[0m
  ↳ db/seeds.rb:8
  [1m[36mRegion Create (0.3ms)[0m  [1m[32mINSERT INTO "regions" ("name") VALUES ($1) RETURNING "id"[0m  [["name", "VIII Biobio"]]
  ↳ db/seeds.rb:8
  [1m[35m (1.1ms)[0m  [1m[35mCOMMIT[0m
  ↳ db/seeds.rb:8
  [1m[35m (0.2ms)[0m  [1m[35mBEGIN[0m
  ↳ db/seeds.rb:9
  [1m[36mRegion Create (0.3ms)[0m  [1m[32mINSERT INTO "regions" ("name") VALUES ($1) RETURNING "id"[0m  [["name", "IX Araucania"]]
  ↳ db/seeds.rb:9
  [1m[35m (1.6ms)[0m  [1m[35mCOMMIT[0m
  ↳ db/seeds.rb:9
  [1m[35m (0.2ms)[0m  [1m[35mBEGIN[0m
  ↳ db/seeds.rb:10
  [1m[36mRegion Create (0.3ms)[0m  [1m[32mINSERT INTO "regions" ("name") VALUES ($1) RETURNING "id"[0m  [["name", "X Los Lagos"]]
  ↳ db/seeds.rb:10
  [1m[35m (1.1ms)[0m  [1m[35mCOMMIT[0m
  ↳ db/seeds.rb:10
  [1m[35m (0.2ms)[0m  [1m[35mBEGIN[0m
  ↳ db/seeds.rb:11
  [1m[36mRegion Create (0.3ms)[0m  [1m[32mINSERT INTO "regions" ("name") VALUES ($1) RETURNING "id"[0m  [["name", "XI Aysén del General Carlos Ibañez del Campo"]]
  ↳ db/seeds.rb:11
  [1m[35m (1.1ms)[0m  [1m[35mCOMMIT[0m
  ↳ db/seeds.rb:11
  [1m[35m (0.2ms)[0m  [1m[35mBEGIN[0m
  ↳ db/seeds.rb:12
  [1m[36mRegion Create (0.2ms)[0m  [1m[32mINSERT INTO "regions" ("name") VALUES ($1) RETURNING "id"[0m  [["name", "XII Magallanes y Antártica Chilena"]]
  ↳ db/seeds.rb:12
  [1m[35m (1.0ms)[0m  [1m[35mCOMMIT[0m
  ↳ db/seeds.rb:12
  [1m[35m (0.1ms)[0m  [1m[35mBEGIN[0m
  ↳ db/seeds.rb:13
  [1m[36mRegion Create (0.2ms)[0m  [1m[32mINSERT INTO "regions" ("name") VALUES ($1) RETURNING "id"[0m  [["name", "Region Metropolitana de Santiago"]]
  ↳ db/seeds.rb:13
  [1m[35m (1.0ms)[0m  [1m[35mCOMMIT[0m
  ↳ db/seeds.rb:13
  [1m[35m (0.1ms)[0m  [1m[35mBEGIN[0m
  ↳ db/seeds.rb:14
  [1m[36mRegion Create (0.2ms)[0m  [1m[32mINSERT INTO "regions" ("name") VALUES ($1) RETURNING "id"[0m  [["name", "XIV Los Rios"]]
  ↳ db/seeds.rb:14
  [1m[35m (1.0ms)[0m  [1m[35mCOMMIT[0m
  ↳ db/seeds.rb:14
  [1m[35m (0.1ms)[0m  [1m[35mBEGIN[0m
  ↳ db/seeds.rb:15
  [1m[36mRegion Create (0.2ms)[0m  [1m[32mINSERT INTO "regions" ("name") VALUES ($1) RETURNING "id"[0m  [["name", "XV Arica y Parinacota"]]
  ↳ db/seeds.rb:15
  [1m[35m (1.1ms)[0m  [1m[35mCOMMIT[0m
  ↳ db/seeds.rb:15
  [1m[35m (0.1ms)[0m  [1m[35mBEGIN[0m
  ↳ db/seeds.rb:16
  [1m[36mRegion Create (0.2ms)[0m  [1m[32mINSERT INTO "regions" ("name") VALUES ($1) RETURNING "id"[0m  [["name", "XVI Ñuble"]]
  ↳ db/seeds.rb:16
  [1m[35m (1.0ms)[0m  [1m[35mCOMMIT[0m
  ↳ db/seeds.rb:16
  [1m[35m (0.1ms)[0m  [1m[35mBEGIN[0m
  ↳ db/seeds.rb:18
  [1m[36mInterest Create (0.3ms)[0m  [1m[32mINSERT INTO "interests" ("name") VALUES ($1) RETURNING "id"[0m  [["name", "Hombres"]]
  ↳ db/seeds.rb:18
  [1m[35m (1.0ms)[0m  [1m[35mCOMMIT[0m
  ↳ db/seeds.rb:18
  [1m[35m (0.1ms)[0m  [1m[35mBEGIN[0m
  ↳ db/seeds.rb:19
  [1m[36mInterest Create (0.2ms)[0m  [1m[32mINSERT INTO "interests" ("name") VALUES ($1) RETURNING "id"[0m  [["name", "Mujeres"]]
  ↳ db/seeds.rb:19
  [1m[35m (1.0ms)[0m  [1m[35mCOMMIT[0m
  ↳ db/seeds.rb:19
  [1m[35m (0.2ms)[0m  [1m[35mBEGIN[0m
  ↳ db/seeds.rb:21
  [1m[36mOrientation Create (0.4ms)[0m  [1m[32mINSERT INTO "orientations" ("name") VALUES ($1) RETURNING "id"[0m  [["name", "Hombres"]]
  ↳ db/seeds.rb:21
  [1m[35m (1.2ms)[0m  [1m[35mCOMMIT[0m
  ↳ db/seeds.rb:21
  [1m[35m (0.2ms)[0m  [1m[35mBEGIN[0m
  ↳ db/seeds.rb:22
  [1m[36mOrientation Create (0.2ms)[0m  [1m[32mINSERT INTO "orientations" ("name") VALUES ($1) RETURNING "id"[0m  [["name", "Mujeres"]]
  ↳ db/seeds.rb:22
  [1m[35m (1.1ms)[0m  [1m[35mCOMMIT[0m
  ↳ db/seeds.rb:22
  [1m[35m (0.1ms)[0m  [1m[35mBEGIN[0m
  ↳ db/seeds.rb:24
  [1m[36mGender Create (0.3ms)[0m  [1m[32mINSERT INTO "genders" ("name") VALUES ($1) RETURNING "id"[0m  [["name", "Hombre"]]
  ↳ db/seeds.rb:24
  [1m[35m (1.1ms)[0m  [1m[35mCOMMIT[0m
  ↳ db/seeds.rb:24
  [1m[35m (0.1ms)[0m  [1m[35mBEGIN[0m
  ↳ db/seeds.rb:25
  [1m[36mGender Create (0.3ms)[0m  [1m[32mINSERT INTO "genders" ("name") VALUES ($1) RETURNING "id"[0m  [["name", "Mujer"]]
  ↳ db/seeds.rb:25
  [1m[35m (1.1ms)[0m  [1m[35mCOMMIT[0m
  ↳ db/seeds.rb:25
  [1m[35m (0.6ms)[0m  [1m[34mSELECT "schema_migrations"."version" FROM "schema_migrations" ORDER BY "schema_migrations"."version" ASC[0m
  ↳ bin/rails:9
  [1m[35m (0.2ms)[0m  [1m[35mBEGIN[0m
  ↳ db/seeds.rb:1
  [1m[36mRegion Create (0.9ms)[0m  [1m[32mINSERT INTO "regions" ("name") VALUES ($1) RETURNING "id"[0m  [["name", "I Tarapaca"]]
  ↳ db/seeds.rb:1
  [1m[35m (1.6ms)[0m  [1m[35mCOMMIT[0m
  ↳ db/seeds.rb:1
  [1m[35m (0.8ms)[0m  [1m[35mBEGIN[0m
  ↳ db/seeds.rb:2
  [1m[36mRegion Create (0.8ms)[0m  [1m[32mINSERT INTO "regions" ("name") VALUES ($1) RETURNING "id"[0m  [["name", "II Antofagasta"]]
  ↳ db/seeds.rb:2
  [1m[35m (1.8ms)[0m  [1m[35mCOMMIT[0m
  ↳ db/seeds.rb:2
  [1m[35m (0.8ms)[0m  [1m[35mBEGIN[0m
  ↳ db/seeds.rb:3
  [1m[36mRegion Create (0.7ms)[0m  [1m[32mINSERT INTO "regions" ("name") VALUES ($1) RETURNING "id"[0m  [["name", "III Atacama"]]
  ↳ db/seeds.rb:3
  [1m[35m (1.7ms)[0m  [1m[35mCOMMIT[0m
  ↳ db/seeds.rb:3
  [1m[35m (0.8ms)[0m  [1m[35mBEGIN[0m
  ↳ db/seeds.rb:4
  [1m[36mRegion Create (1.2ms)[0m  [1m[32mINSERT INTO "regions" ("name") VALUES ($1) RETURNING "id"[0m  [["name", "IV Coquimbo"]]
  ↳ db/seeds.rb:4
  [1m[35m (1.5ms)[0m  [1m[35mCOMMIT[0m
  ↳ db/seeds.rb:4
  [1m[35m (0.2ms)[0m  [1m[35mBEGIN[0m
  ↳ db/seeds.rb:5
  [1m[36mRegion Create (0.3ms)[0m  [1m[32mINSERT INTO "regions" ("name") VALUES ($1) RETURNING "id"[0m  [["name", "V Valparaiso"]]
  ↳ db/seeds.rb:5
  [1m[35m (0.9ms)[0m  [1m[35mCOMMIT[0m
  ↳ db/seeds.rb:5
  [1m[35m (0.2ms)[0m  [1m[35mBEGIN[0m
  ↳ db/seeds.rb:6
  [1m[36mRegion Create (0.3ms)[0m  [1m[32mINSERT INTO "regions" ("name") VALUES ($1) RETURNING "id"[0m  [["name", "VI Libertador General Bernardo O'Higgins"]]
  ↳ db/seeds.rb:6
  [1m[35m (0.9ms)[0m  [1m[35mCOMMIT[0m
  ↳ db/seeds.rb:6
  [1m[35m (0.1ms)[0m  [1m[35mBEGIN[0m
  ↳ db/seeds.rb:7
  [1m[36mRegion Create (0.3ms)[0m  [1m[32mINSERT INTO "regions" ("name") VALUES ($1) RETURNING "id"[0m  [["name", "VII Maule"]]
  ↳ db/seeds.rb:7
  [1m[35m (0.9ms)[0m  [1m[35mCOMMIT[0m
  ↳ db/seeds.rb:7
  [1m[35m (0.1ms)[0m  [1m[35mBEGIN[0m
  ↳ db/seeds.rb:8
  [1m[36mRegion Create (0.2ms)[0m  [1m[32mINSERT INTO "regions" ("name") VALUES ($1) RETURNING "id"[0m  [["name", "VIII Biobio"]]
  ↳ db/seeds.rb:8
  [1m[35m (1.0ms)[0m  [1m[35mCOMMIT[0m
  ↳ db/seeds.rb:8
  [1m[35m (0.2ms)[0m  [1m[35mBEGIN[0m
  ↳ db/seeds.rb:9
  [1m[36mRegion Create (0.3ms)[0m  [1m[32mINSERT INTO "regions" ("name") VALUES ($1) RETURNING "id"[0m  [["name", "IX Araucania"]]
  ↳ db/seeds.rb:9
  [1m[35m (1.1ms)[0m  [1m[35mCOMMIT[0m
  ↳ db/seeds.rb:9
  [1m[35m (0.2ms)[0m  [1m[35mBEGIN[0m
  ↳ db/seeds.rb:10
  [1m[36mRegion Create (0.2ms)[0m  [1m[32mINSERT INTO "regions" ("name") VALUES ($1) RETURNING "id"[0m  [["name", "X Los Lagos"]]
  ↳ db/seeds.rb:10
  [1m[35m (1.0ms)[0m  [1m[35mCOMMIT[0m
  ↳ db/seeds.rb:10
  [1m[35m (0.2ms)[0m  [1m[35mBEGIN[0m
  ↳ db/seeds.rb:11
  [1m[36mRegion Create (0.3ms)[0m  [1m[32mINSERT INTO "regions" ("name") VALUES ($1) RETURNING "id"[0m  [["name", "XI Aysén del General Carlos Ibañez del Campo"]]
  ↳ db/seeds.rb:11
  [1m[35m (1.0ms)[0m  [1m[35mCOMMIT[0m
  ↳ db/seeds.rb:11
  [1m[35m (0.1ms)[0m  [1m[35mBEGIN[0m
  ↳ db/seeds.rb:12
  [1m[36mRegion Create (0.2ms)[0m  [1m[32mINSERT INTO "regions" ("name") VALUES ($1) RETURNING "id"[0m  [["name", "XII Magallanes y Antártica Chilena"]]
  ↳ db/seeds.rb:12
  [1m[35m (0.9ms)[0m  [1m[35mCOMMIT[0m
  ↳ db/seeds.rb:12
  [1m[35m (0.1ms)[0m  [1m[35mBEGIN[0m
  ↳ db/seeds.rb:13
  [1m[36mRegion Create (0.6ms)[0m  [1m[32mINSERT INTO "regions" ("name") VALUES ($1) RETURNING "id"[0m  [["name", "Region Metropolitana de Santiago"]]
  ↳ db/seeds.rb:13
  [1m[35m (1.0ms)[0m  [1m[35mCOMMIT[0m
  ↳ db/seeds.rb:13
  [1m[35m (0.2ms)[0m  [1m[35mBEGIN[0m
  ↳ db/seeds.rb:14
  [1m[36mRegion Create (0.3ms)[0m  [1m[32mINSERT INTO "regions" ("name") VALUES ($1) RETURNING "id"[0m  [["name", "XIV Los Rios"]]
  ↳ db/seeds.rb:14
  [1m[35m (1.3ms)[0m  [1m[35mCOMMIT[0m
  ↳ db/seeds.rb:14
  [1m[35m (0.2ms)[0m  [1m[35mBEGIN[0m
  ↳ db/seeds.rb:15
  [1m[36mRegion Create (0.3ms)[0m  [1m[32mINSERT INTO "regions" ("name") VALUES ($1) RETURNING "id"[0m  [["name", "XV Arica y Parinacota"]]
  ↳ db/seeds.rb:15
  [1m[35m (1.2ms)[0m  [1m[35mCOMMIT[0m
  ↳ db/seeds.rb:15
  [1m[35m (0.1ms)[0m  [1m[35mBEGIN[0m
  ↳ db/seeds.rb:16
  [1m[36mRegion Create (0.2ms)[0m  [1m[32mINSERT INTO "regions" ("name") VALUES ($1) RETURNING "id"[0m  [["name", "XVI Ñuble"]]
  ↳ db/seeds.rb:16
  [1m[35m (1.0ms)[0m  [1m[35mCOMMIT[0m
  ↳ db/seeds.rb:16
  [1m[35m (0.1ms)[0m  [1m[35mBEGIN[0m
  ↳ db/seeds.rb:18
  [1m[36mInterest Create (0.3ms)[0m  [1m[32mINSERT INTO "interests" ("name") VALUES ($1) RETURNING "id"[0m  [["name", "Deporte"]]
  ↳ db/seeds.rb:18
  [1m[35m (1.0ms)[0m  [1m[35mCOMMIT[0m
  ↳ db/seeds.rb:18
  [1m[35m (0.1ms)[0m  [1m[35mBEGIN[0m
  ↳ db/seeds.rb:19
  [1m[36mInterest Create (0.2ms)[0m  [1m[32mINSERT INTO "interests" ("name") VALUES ($1) RETURNING "id"[0m  [["name", "Musica"]]
  ↳ db/seeds.rb:19
  [1m[35m (1.0ms)[0m  [1m[35mCOMMIT[0m
  ↳ db/seeds.rb:19
  [1m[35m (0.1ms)[0m  [1m[35mBEGIN[0m
  ↳ db/seeds.rb:20
  [1m[36mInterest Create (0.2ms)[0m  [1m[32mINSERT INTO "interests" ("name") VALUES ($1) RETURNING "id"[0m  [["name", "Danza"]]
  ↳ db/seeds.rb:20
  [1m[35m (0.9ms)[0m  [1m[35mCOMMIT[0m
  ↳ db/seeds.rb:20
  [1m[35m (0.1ms)[0m  [1m[35mBEGIN[0m
  ↳ db/seeds.rb:21
  [1m[36mInterest Create (0.2ms)[0m  [1m[32mINSERT INTO "interests" ("name") VALUES ($1) RETURNING "id"[0m  [["name", "Cocina"]]
  ↳ db/seeds.rb:21
  [1m[35m (0.9ms)[0m  [1m[35mCOMMIT[0m
  ↳ db/seeds.rb:21
  [1m[35m (0.1ms)[0m  [1m[35mBEGIN[0m
  ↳ db/seeds.rb:23
  [1m[36mOrientation Create (0.4ms)[0m  [1m[32mINSERT INTO "orientations" ("name") VALUES ($1) RETURNING "id"[0m  [["name", "Hombres"]]
  ↳ db/seeds.rb:23
  [1m[35m (1.0ms)[0m  [1m[35mCOMMIT[0m
  ↳ db/seeds.rb:23
  [1m[35m (0.1ms)[0m  [1m[35mBEGIN[0m
  ↳ db/seeds.rb:24
  [1m[36mOrientation Create (0.2ms)[0m  [1m[32mINSERT INTO "orientations" ("name") VALUES ($1) RETURNING "id"[0m  [["name", "Mujeres"]]
  ↳ db/seeds.rb:24
  [1m[35m (0.8ms)[0m  [1m[35mCOMMIT[0m
  ↳ db/seeds.rb:24
  [1m[35m (0.1ms)[0m  [1m[35mBEGIN[0m
  ↳ db/seeds.rb:26
  [1m[36mGender Create (0.3ms)[0m  [1m[32mINSERT INTO "genders" ("name") VALUES ($1) RETURNING "id"[0m  [["name", "Hombre"]]
  ↳ db/seeds.rb:26
  [1m[35m (0.9ms)[0m  [1m[35mCOMMIT[0m
  ↳ db/seeds.rb:26
  [1m[35m (0.1ms)[0m  [1m[35mBEGIN[0m
  ↳ db/seeds.rb:27
  [1m[36mGender Create (0.4ms)[0m  [1m[32mINSERT INTO "genders" ("name") VALUES ($1) RETURNING "id"[0m  [["name", "Mujer"]]
  ↳ db/seeds.rb:27
  [1m[35m (1.3ms)[0m  [1m[35mCOMMIT[0m
  ↳ db/seeds.rb:27
  [1m[35m (0.1ms)[0m  [1m[35mBEGIN[0m
  ↳ db/seeds.rb:29
  [1m[36mAdmin Create (0.4ms)[0m  [1m[32mINSERT INTO "admins" ("rut", "admin") VALUES ($1, $2) RETURNING "id"[0m  [["rut", 1], ["admin", true]]
  ↳ db/seeds.rb:29
  [1m[35m (0.9ms)[0m  [1m[35mCOMMIT[0m
  ↳ db/seeds.rb:29
